proguard/seeds.txt
com.daxiangqun.contacts.R$anim: int anim_down
com.daxiangqun.contacts.R$anim: int slide_left_in
com.daxiangqun.contacts.R$anim: int slide_left_out
com.daxiangqun.contacts.R$anim: int slide_right_in
com.daxiangqun.contacts.R$anim: int slide_right_out
com.daxiangqun.contacts.R$attr: int borderWidth
com.daxiangqun.contacts.R$attr: int civ_border_color
com.daxiangqun.contacts.R$attr: int civ_border_overlay
com.daxiangqun.contacts.R$attr: int civ_border_width
com.daxiangqun.contacts.R$attr: int civ_fill_color
com.daxiangqun.contacts.R$attr: int mm_color
com.daxiangqun.contacts.R$attr: int mm_pressedDuration
com.daxiangqun.contacts.R$attr: int mm_rtlEnabled
com.daxiangqun.contacts.R$attr: int mm_scale
com.daxiangqun.contacts.R$attr: int mm_strokeWidth
com.daxiangqun.contacts.R$attr: int mm_transformDuration
com.daxiangqun.contacts.R$color: int black
com.daxiangqun.contacts.R$color: int blue
com.daxiangqun.contacts.R$color: int clickbg_yellow
com.daxiangqun.contacts.R$color: int dxq_theme
com.daxiangqun.contacts.R$color: int google_blue
com.daxiangqun.contacts.R$color: int google_green
com.daxiangqun.contacts.R$color: int google_red
com.daxiangqun.contacts.R$color: int google_yellow
com.daxiangqun.contacts.R$color: int gray
com.daxiangqun.contacts.R$color: int graychild
com.daxiangqun.contacts.R$color: int grayitem
com.daxiangqun.contacts.R$color: int grays
com.daxiangqun.contacts.R$color: int head_red
com.daxiangqun.contacts.R$color: int itembg
com.daxiangqun.contacts.R$color: int pink
com.daxiangqun.contacts.R$color: int red
com.daxiangqun.contacts.R$color: int text_gray
com.daxiangqun.contacts.R$color: int text_white
com.daxiangqun.contacts.R$color: int transparent
com.daxiangqun.contacts.R$color: int white
com.daxiangqun.contacts.R$color: int whitegray
com.daxiangqun.contacts.R$dimen: int activity_horizontal_margin
com.daxiangqun.contacts.R$dimen: int activity_vertical_margin
com.daxiangqun.contacts.R$drawable: int back
com.daxiangqun.contacts.R$drawable: int dxq_bule_phone
com.daxiangqun.contacts.R$drawable: int dxq_bule_sms
com.daxiangqun.contacts.R$drawable: int dxq_home_h
com.daxiangqun.contacts.R$drawable: int dxq_home_im01
com.daxiangqun.contacts.R$drawable: int dxq_home_im02
com.daxiangqun.contacts.R$drawable: int dxq_home_im03
com.daxiangqun.contacts.R$drawable: int dxq_home_im04
com.daxiangqun.contacts.R$drawable: int dxq_home_im05
com.daxiangqun.contacts.R$drawable: int dxq_home_im06
com.daxiangqun.contacts.R$drawable: int dxq_home_im1
com.daxiangqun.contacts.R$drawable: int dxq_home_im2
com.daxiangqun.contacts.R$drawable: int dxq_home_im3
com.daxiangqun.contacts.R$drawable: int dxq_home_im4
com.daxiangqun.contacts.R$drawable: int dxq_home_im5
com.daxiangqun.contacts.R$drawable: int dxq_home_p
com.daxiangqun.contacts.R$drawable: int dxq_home_s
com.daxiangqun.contacts.R$drawable: int dxq_into
com.daxiangqun.contacts.R$drawable: int dxq_line_h
com.daxiangqun.contacts.R$drawable: int dxq_login_bind
com.daxiangqun.contacts.R$drawable: int dxq_login_getcode
com.daxiangqun.contacts.R$drawable: int dxq_login_phone
com.daxiangqun.contacts.R$drawable: int dxq_login_pw
com.daxiangqun.contacts.R$drawable: int dxq_login_user
com.daxiangqun.contacts.R$drawable: int dxq_login_w
com.daxiangqun.contacts.R$drawable: int dxq_login_y
com.daxiangqun.contacts.R$drawable: int dxq_save_c
...
android.support.v4.view.ViewPropertyAnimatorListener
android.support.v4.view.ViewPropertyAnimatorListener: void onAnimationStart(android.view.View)
android.support.v4.view.ViewPropertyAnimatorListener: void onAnimationEnd(android.view.View)
android.support.v4.view.ViewPropertyAnimatorListener: void onAnimationCancel(android.view.View)
android.support.v4.view.ViewPropertyAnimatorListenerAdapter
android.support.v4.view.ViewPropertyAnimatorListenerAdapter: ViewPropertyAnimatorListenerAdapter()
android.support.v4.view.ViewPropertyAnimatorListenerAdapter: void onAnimationStart(android.view.View)
android.support.v4.view.ViewPropertyAnimatorListenerAdapter: void onAnimationEnd(android.view.View)
android.support.v4.view.ViewPropertyAnimatorListenerAdapter: void onAnimationCancel(android.view.View)
android.support.v4.view.ViewPropertyAnimatorUpdateListener
android.support.v4.view.ViewPropertyAnimatorUpdateListener: void onAnimationUpdate(android.view.View)
android.support.v4.view.WindowCompat
android.support.v4.view.WindowCompat: int FEATURE_ACTION_BAR
android.support.v4.view.WindowCompat: int FEATURE_ACTION_BAR_OVERLAY
android.support.v4.view.WindowCompat: int FEATURE_ACTION_MODE_OVERLAY
android.support.v4.view.WindowCompat: WindowCompat()
android.support.v4.view.WindowInsetsCompat
android.support.v4.view.WindowInsetsCompat: WindowInsetsCompat()
android.support.v4.view.WindowInsetsCompat: int getSystemWindowInsetLeft()
android.support.v4.view.WindowInsetsCompat: int getSystemWindowInsetTop()
android.support.v4.view.WindowInsetsCompat: int getSystemWindowInsetRight()
android.support.v4.view.WindowInsetsCompat: int getSystemWindowInsetBottom()
android.support.v4.view.WindowInsetsCompat: boolean hasSystemWindowInsets()
android.support.v4.view.WindowInsetsCompat: boolean hasInsets()
android.support.v4.view.WindowInsetsCompat: boolean isConsumed()
android.support.v4.view.WindowInsetsCompat: boolean isRound()
android.support.v4.view.WindowInsetsCompat: android.support.v4.view.WindowInsetsCompat consumeSystemWindowInsets()
android.support.v4.view.WindowInsetsCompat: android.support.v4.view.WindowInsetsCompat replaceSystemWindowInsets(int,int,int,int)
android.support.v4.view.WindowInsetsCompat: android.support.v4.view.WindowInsetsCompat replaceSystemWindowInsets(android.graphics.Rect)
android.support.v4.view.WindowInsetsCompat: int getStableInsetTop()
android.support.v4.view.WindowInsetsCompat: int getStableInsetLeft()
android.support.v4.view.WindowInsetsCompat: int getStableInsetRight()
android.support.v4.view.WindowInsetsCompat: int getStableInsetBottom()
android.support.v4.view.WindowInsetsCompat: boolean hasStableInsets()