proguard/mapping.txt
com.daxiangqun.contacts.R -> com.daxiangqun.contacts.a:
com.daxiangqun.contacts.R$styleable -> com.daxiangqun.contacts.b:
    int[] CircleImageView -> CircleImageView
    int CircleImageView_civ_border_color -> CircleImageView_civ_border_color
    int CircleImageView_civ_border_overlay -> CircleImageView_civ_border_overlay
    int CircleImageView_civ_border_width -> CircleImageView_civ_border_width
    int CircleImageView_civ_fill_color -> CircleImageView_civ_fill_color
    int[] CircularProgress -> CircularProgress
    int CircularProgress_borderWidth -> CircularProgress_borderWidth
    int[] MaterialMenuView -> MaterialMenuView
    int MaterialMenuView_mm_color -> MaterialMenuView_mm_color
    int MaterialMenuView_mm_pressedDuration -> MaterialMenuView_mm_pressedDuration
    int MaterialMenuView_mm_rtlEnabled -> MaterialMenuView_mm_rtlEnabled
    int MaterialMenuView_mm_scale -> MaterialMenuView_mm_scale
    int MaterialMenuView_mm_strokeWidth -> MaterialMenuView_mm_strokeWidth
    int MaterialMenuView_mm_transformDuration -> MaterialMenuView_mm_transformDuration
com.daxiangqun.contacts.activity.ContactActivity -> com.daxiangqun.contacts.activity.ContactActivity:
    android.widget.LinearLayout ly_back -> a
    void onCreate(android.os.Bundle) -> onCreate
com.daxiangqun.contacts.activity.ContactActivity$1 -> com.daxiangqun.contacts.activity.a:
    com.daxiangqun.contacts.activity.ContactActivity this$0 -> a
    void onClick(android.view.View) -> onClick
com.daxiangqun.contacts.activity.DetailsActivity -> com.daxiangqun.contacts.activity.DetailsActivity:
    com.daxiangqun.contacts.library.RoundedImageView im_attachpath -> b
    android.widget.ImageView im_tel -> c
    android.widget.ImageView im_phone1 -> d
    android.widget.ImageView im_phone2 -> e
    android.widget.ImageView im_sms1 -> f
    android.widget.ImageView im_sms2 -> g
    android.widget.ImageView im_copy -> h
    android.widget.TextView tv_title -> i
    android.widget.TextView tv_name -> j
    android.widget.TextView tv_duty -> k
    android.widget.TextView tv_tel -> l
    android.widget.TextView tv_fax -> m
    android.widget.TextView tv_phone1 -> n
    android.widget.TextView tv_phone2 -> o
    android.widget.TextView tv_email -> p
    android.widget.TextView tv_url -> q
    android.widget.TextView tv_site -> r
    java.lang.String id -> s
    java.lang.String title -> t
    java.lang.String attachpath -> u
    java.lang.String duty -> v
    java.lang.String tel -> w
    java.lang.String fax -> x
    java.lang.String phone1 -> y
    java.lang.String phone2 -> z
    java.lang.String email -> A
    java.lang.String url -> B
    java.lang.String site -> C
    android.widget.LinearLayout ly_back -> D
    com.nostra13.universalimageloader.core.DisplayImageOptions options -> E
    org.xutils.DbManager db -> F
    android.widget.RelativeLayout ly_phone2 -> G
    android.widget.RelativeLayout ly_email -> H
com.daxiangqun.contacts.activity.DetailsActivity$1 -> com.daxiangqun.contacts.activity.b:
    com.daxiangqun.contacts.activity.DetailsActivity this$0 -> a
    void run() -> run
...
android.support.v4.accessibilityservice.AccessibilityServiceInfoCompat$AccessibilityServiceInfoIcsImpl -> android.support.v4.accessibilityservice.AccessibilityServiceInfoCompat$AccessibilityServiceInfoIcsImpl:
    boolean getCanRetrieveWindowContent(android.accessibilityservice.AccessibilityServiceInfo) -> getCanRetrieveWindowContent
    java.lang.String getDescription(android.accessibilityservice.AccessibilityServiceInfo) -> getDescription
    java.lang.String getId(android.accessibilityservice.AccessibilityServiceInfo) -> getId
    android.content.pm.ResolveInfo getResolveInfo(android.accessibilityservice.AccessibilityServiceInfo) -> getResolveInfo
    java.lang.String getSettingsActivityName(android.accessibilityservice.AccessibilityServiceInfo) -> getSettingsActivityName
    int getCapabilities(android.accessibilityservice.AccessibilityServiceInfo) -> getCapabilities
android.support.v4.accessibilityservice.AccessibilityServiceInfoCompat$AccessibilityServiceInfoJellyBeanMr2 -> android.support.v4.accessibilityservice.AccessibilityServiceInfoCompat$AccessibilityServiceInfoJellyBeanMr2:
    int getCapabilities(android.accessibilityservice.AccessibilityServiceInfo) -> getCapabilities
android.support.v4.accessibilityservice.AccessibilityServiceInfoCompat$AccessibilityServiceInfoStubImpl -> android.support.v4.accessibilityservice.AccessibilityServiceInfoCompat$AccessibilityServiceInfoStubImpl:
    boolean getCanRetrieveWindowContent(android.accessibilityservice.AccessibilityServiceInfo) -> getCanRetrieveWindowContent
    java.lang.String getDescription(android.accessibilityservice.AccessibilityServiceInfo) -> getDescription
    java.lang.String getId(android.accessibilityservice.AccessibilityServiceInfo) -> getId
    android.content.pm.ResolveInfo getResolveInfo(android.accessibilityservice.AccessibilityServiceInfo) -> getResolveInfo
    java.lang.String getSettingsActivityName(android.accessibilityservice.AccessibilityServiceInfo) -> getSettingsActivityName
    int getCapabilities(android.accessibilityservice.AccessibilityServiceInfo) -> getCapabilities
android.support.v4.accessibilityservice.AccessibilityServiceInfoCompat$AccessibilityServiceInfoVersionImpl -> android.support.v4.accessibilityservice.AccessibilityServiceInfoCompat$AccessibilityServiceInfoVersionImpl:
    java.lang.String getId(android.accessibilityservice.AccessibilityServiceInfo) -> getId
    android.content.pm.ResolveInfo getResolveInfo(android.accessibilityservice.AccessibilityServiceInfo) -> getResolveInfo
    boolean getCanRetrieveWindowContent(android.accessibilityservice.AccessibilityServiceInfo) -> getCanRetrieveWindowContent
    java.lang.String getDescription(android.accessibilityservice.AccessibilityServiceInfo) -> getDescription
    java.lang.String getSettingsActivityName(android.accessibilityservice.AccessibilityServiceInfo) -> getSettingsActivityName
    int getCapabilities(android.accessibilityservice.AccessibilityServiceInfo) -> getCapabilities
android.support.v4.accessibilityservice.AccessibilityServiceInfoCompatIcs -> android.support.v4.accessibilityservice.AccessibilityServiceInfoCompatIcs:
    boolean getCanRetrieveWindowContent(android.accessibilityservice.AccessibilityServiceInfo) -> getCanRetrieveWindowContent
    java.lang.String getDescription(android.accessibilityservice.AccessibilityServiceInfo) -> getDescription
    java.lang.String getId(android.accessibilityservice.AccessibilityServiceInfo) -> getId
    android.content.pm.ResolveInfo getResolveInfo(android.accessibilityservice.AccessibilityServiceInfo) -> getResolveInfo
    java.lang.String getSettingsActivityName(android.accessibilityservice.AccessibilityServiceInfo) -> getSettingsActivityName