proguard/usage.txt
com.daxiangqun.contacts.BuildConfig
com.daxiangqun.contacts.R:
    10:10:public R()
com.daxiangqun.contacts.R$anim
com.daxiangqun.contacts.R$attr
com.daxiangqun.contacts.R$color
com.daxiangqun.contacts.R$dimen
com.daxiangqun.contacts.R$drawable
com.daxiangqun.contacts.R$id
com.daxiangqun.contacts.R$layout
com.daxiangqun.contacts.R$menu
com.daxiangqun.contacts.R$string
com.daxiangqun.contacts.R$style
com.daxiangqun.contacts.R$styleable:
    430:430:public R$styleable()
com.daxiangqun.contacts.activity.StartersActivity$MyAdapter:
    215:217:public void bindData(java.util.List)
com.daxiangqun.contacts.datas.CodeDatas
com.daxiangqun.contacts.db.City:
    25:25:public java.lang.String getId()
    33:33:public java.lang.String getTitle()
    41:41:public java.lang.String getProvinceID()
    49:49:public java.lang.String getStatus()
    57:57:public java.lang.String getWritetime()
    65:65:public java.lang.String getLanguage()
    73:80:public City(java.lang.String,java.lang.String,java.lang.String,java.lang.String,java.lang.String,java.lang.String)
com.daxiangqun.contacts.db.Office:
    55:56:public void setFax(java.lang.String)
    63:64:public void setEmail(java.lang.String)
    83:83:public java.lang.String getProvinceID()
    91:91:public java.lang.String getCityID()
    99:99:public java.lang.String getTypeID()
    131:131:public java.lang.String getStatus()
    139:139:public java.lang.String getWritetime()
    147:147:public java.lang.String getLanguage()
    156:171:public Office(java.lang.String,java.lang.String,java.lang.String,java.lang.String,java.lang.String,java.lang.String,java.lang.String,java.lang.String,java.lang.String,java.lang.String,java.lang.String,java.lang.String,java.lang.String,java.lang.String)
com.daxiangqun.contacts.db.PersonContacts:
    69:69:public java.lang.String getSectionName()
    73:74:public void setSectionName(java.lang.String)
    92:92:public java.lang.String getJurisdiction()
    100:100:public java.lang.String getOrderID()
    164:164:public java.lang.String getProvinceID()
    172:172:public java.lang.String getCityID()
    180:180:public java.lang.String getTypeID()
    188:188:public java.lang.String getOfficeID()
    196:196:public java.lang.String getSectionID()
    220:220:public java.lang.String getAttachment()
    228:228:public java.lang.String getStatus()
    236:236:public java.lang.String getWritetime()
    244:244:public java.lang.String getLanguage()
    254:279:public PersonContacts(java.lang.String,java.lang.String,java.lang.String,java.lang.String,java.lang.String,java.lang.String,java.lang.String,java.lang.String,java.lang.String,java.lang.String,java.lang.String,java.lang.String,java.lang.String,java.lang.String,java.lang.String,java.lang.String,java.lang.String,java.lang.String,java.lang.String,java.lang.String,java.lang.String,java.lang.String,java.lang.String,java.lang.String)
com.daxiangqun.contacts.db.Province:
    23:23:public java.lang.String getId()
    31:31:public java.lang.String getTitle()
    39:39:public java.lang.String getStatus()
    47:47:public java.lang.String getWritetime()
    55:55:public java.lang.String getLanguage()
    63:69:public Province(java.lang.String,java.lang.String,java.lang.String,java.lang.String,java.lang.String)
...
com.nineoldandroids.view.ViewHelper
com.nineoldandroids.view.ViewHelper$Honeycomb
com.nineoldandroids.view.ViewPropertyAnimator
com.nineoldandroids.view.ViewPropertyAnimatorHC
com.nineoldandroids.view.ViewPropertyAnimatorHC$1
com.nineoldandroids.view.ViewPropertyAnimatorHC$AnimatorEventListener
com.nineoldandroids.view.ViewPropertyAnimatorHC$NameValuesHolder
com.nineoldandroids.view.ViewPropertyAnimatorHC$PropertyBundle
com.nineoldandroids.view.ViewPropertyAnimatorICS
com.nineoldandroids.view.ViewPropertyAnimatorICS$1
com.nineoldandroids.view.ViewPropertyAnimatorPreHC
com.nineoldandroids.view.ViewPropertyAnimatorPreHC$1
com.nineoldandroids.view.ViewPropertyAnimatorPreHC$AnimatorEventListener
com.nineoldandroids.view.ViewPropertyAnimatorPreHC$NameValuesHolder
com.nineoldandroids.view.ViewPropertyAnimatorPreHC$PropertyBundle
com.nineoldandroids.view.animation.AnimatorProxy:
    163:167:public void setScrollX(int)
    176:180:public void setScrollY(int)
com.nostra13.universalimageloader.BuildConfig
com.nostra13.universalimageloader.cache.disc.DiskCache:
    public abstract java.io.File getDirectory()
    public abstract boolean remove(java.lang.String)
    public abstract void close()
    public abstract void clear()
com.nostra13.universalimageloader.cache.disc.impl.BaseDiskCache:
    public static final int DEFAULT_BUFFER_SIZE
    public static final int DEFAULT_COMPRESS_QUALITY
    private static final java.lang.String ERROR_ARG_NULL
    private static final java.lang.String TEMP_IMAGE_POSTFIX
    61:62:public BaseDiskCache(java.io.File)
    69:70:public BaseDiskCache(java.io.File,java.io.File)
    93:93:public java.io.File getDirectory()
    147:147:public boolean remove(java.lang.String)
    153:153:public void close()
    157:163:public void clear()
    178:179:public void setBufferSize(int)
    182:183:public void setCompressFormat(android.graphics.Bitmap$CompressFormat)
    186:187:public void setCompressQuality(int)
com.nostra13.universalimageloader.cache.disc.impl.LimitedAgeDiskCache
com.nostra13.universalimageloader.cache.disc.impl.UnlimitedDiskCache:
    32:33:public UnlimitedDiskCache(java.io.File)
    40:41:public UnlimitedDiskCache(java.io.File,java.io.File)
com.nostra13.universalimageloader.cache.disc.impl.ext.DiskLruCache:
    static final java.lang.String JOURNAL_FILE
    static final java.lang.String JOURNAL_FILE_TEMP
    static final java.lang.String JOURNAL_FILE_BACKUP
    static final java.lang.String MAGIC
    static final java.lang.String VERSION_1
    static final long ANY_SEQUENCE_NUMBER
    private static final java.lang.String CLEAN
    private static final java.lang.String DIRTY
    private static final java.lang.String REMOVE
    private static final java.lang.String READ
    491:491:public java.io.File getDirectory()
    499:499:public synchronized long getMaxSize()
    504:504:public synchronized int getMaxFileCount()
    512:514:public synchronized void setMaxSize(long)
    522:522:public synchronized long size()
    531:531:public synchronized long fileCount()
    637:637:public synchronized boolean isClosed()
    648:652:public synchronized void flush()
    702:702:private static java.lang.String inputStreamToString(java.io.InputStream)
    87:87:static synthetic com.nostra13.universalimageloader.cache.disc.impl.ext.DiskLruCache$Editor access$1700(com.nostra13.universalimageloader.cache.disc.impl.ext.DiskLruCache,java.lang.String,long)
    87:87:static synthetic java.lang.String access$1800(java.io.InputStream)
com.nostra13.universalimageloader.cache.disc.impl.ext.DiskLruCache$Editor:
    781:793:public java.io.InputStream newInputStream(int)
    801:802:public java.lang.String getString(int)
    840:847:public void set(int,java.lang.String)
    872:878:public void abortUnlessCommitted()